[ 2016-03-16T09:05:50+08:00 ] ::1 /
INFO: [ app_init ] --START--
INFO: Run Behavior\BuildLiteBehavior [ RunTime:0.005848s ]
INFO: [ app_init ] --END-- [ RunTime:0.059704s ]
INFO: [ app_begin ] --START--
INFO: Run Behavior\ReadHtmlCacheBehavior [ RunTime:0.006476s ]
INFO: [ app_begin ] --END-- [ RunTime:0.006593s ]

[ 2016-03-16T14:38:54+08:00 ] ::1 /index.php/Home/Users/lists
INFO: [ app_init ] --START--
INFO: Run Behavior\BuildLiteBehavior [ RunTime:0.000018s ]
INFO: [ app_init ] --END-- [ RunTime:0.000525s ]
INFO: [ app_begin ] --START--
INFO: Run Behavior\ReadHtmlCacheBehavior [ RunTime:0.003979s ]
INFO: [ app_begin ] --END-- [ RunTime:0.004101s ]
SQL: SHOW COLUMNS FROM `tp_users` [ RunTime:0.0495s ]
ERR: 1064:You have an error in your SQL syntax; check the manual that corresponds to your MySQL server version for the right syntax to use near 'money LIMIT 0,15' at line 1
 [ SQL语句 ] : SELECT * FROM `tp_users` ORDER BY ctime money LIMIT 0,15  
ERR: 1064:You have an error in your SQL syntax; check the manual that corresponds to your MySQL server version for the right syntax to use near 'money LIMIT 0,15' at line 1
 [ SQL语句 ] : SELECT * FROM `tp_users` ORDER BY ctime money LIMIT 0,15  

[ 2016-03-16T14:39:16+08:00 ] ::1 /index.php/Home/Users/lists
INFO: [ app_init ] --START--
INFO: Run Behavior\BuildLiteBehavior [ RunTime:0.000015s ]
INFO: [ app_init ] --END-- [ RunTime:0.000495s ]
INFO: [ app_begin ] --START--
INFO: Run Behavior\ReadHtmlCacheBehavior [ RunTime:0.000650s ]
INFO: [ app_begin ] --END-- [ RunTime:0.000741s ]
SQL: SHOW COLUMNS FROM `tp_users` [ RunTime:0.0064s ]
SQL: SELECT * FROM `tp_users` ORDER BY ctime desc LIMIT 0,15   [ RunTime:0.0078s ]
INFO: [ app_end ] --START--
INFO: Run Behavior\ShowPageTraceBehavior [ RunTime:0.001233s ]
INFO: [ app_end ] --END-- [ RunTime:0.001385s ]

[ 2016-03-16T14:39:49+08:00 ] ::1 /index.php/Home/Users/lists
INFO: [ app_init ] --START--
INFO: Run Behavior\BuildLiteBehavior [ RunTime:0.000058s ]
INFO: [ app_init ] --END-- [ RunTime:0.004029s ]
INFO: [ app_begin ] --START--
INFO: Run Behavior\ReadHtmlCacheBehavior [ RunTime:0.004507s ]
INFO: [ app_begin ] --END-- [ RunTime:0.004768s ]
SQL: SHOW COLUMNS FROM `tp_users` [ RunTime:0.0073s ]
SQL: SELECT * FROM `tp_users` ORDER BY ctime desc LIMIT 0,15   [ RunTime:0.0007s ]
INFO: [ app_end ] --START--
INFO: Run Behavior\ShowPageTraceBehavior [ RunTime:0.004507s ]
INFO: [ app_end ] --END-- [ RunTime:0.004751s ]

[ 2016-03-16T14:41:11+08:00 ] ::1 /index.php/Home/Users/index
INFO: [ app_init ] --START--
INFO: Run Behavior\BuildLiteBehavior [ RunTime:0.000061s ]
INFO: [ app_init ] --END-- [ RunTime:0.003976s ]
INFO: [ app_begin ] --START--
INFO: Run Behavior\ReadHtmlCacheBehavior [ RunTime:0.004067s ]
INFO: [ app_begin ] --END-- [ RunTime:0.004283s ]
SQL: SHOW COLUMNS FROM `tp_users` [ RunTime:0.0053s ]
ERR: 1064:You have an error in your SQL syntax; check the manual that corresponds to your MySQL server version for the right syntax to use near 'desc LIMIT 0,15' at line 1
 [ SQL语句 ] : SELECT * FROM `tp_users` ORDER BY  desc LIMIT 0,15  
ERR: 1064:You have an error in your SQL syntax; check the manual that corresponds to your MySQL server version for the right syntax to use near 'desc LIMIT 0,15' at line 1
 [ SQL语句 ] : SELECT * FROM `tp_users` ORDER BY  desc LIMIT 0,15  

[ 2016-03-16T14:44:24+08:00 ] ::1 /index.php/Home/Users/index
INFO: [ app_init ] --START--
INFO: Run Behavior\BuildLiteBehavior [ RunTime:0.000056s ]
INFO: [ app_init ] --END-- [ RunTime:0.004071s ]
INFO: [ app_begin ] --START--
INFO: Run Behavior\ReadHtmlCacheBehavior [ RunTime:0.003950s ]
INFO: [ app_begin ] --END-- [ RunTime:0.004271s ]
SQL: SHOW COLUMNS FROM `tp_users` [ RunTime:0.0111s ]
SQL: SELECT * FROM `tp_users` ORDER BY money LIMIT 0,15   [ RunTime:0.0010s ]
INFO: [ view_parse ] --START--
INFO: [ template_filter ] --START--
INFO: Run Behavior\ContentReplaceBehavior [ RunTime:0.000118s ]
INFO: [ template_filter ] --END-- [ RunTime:0.000239s ]
INFO: Run Behavior\ParseTemplateBehavior [ RunTime:0.043960s ]
INFO: [ view_parse ] --END-- [ RunTime:0.044133s ]
INFO: [ view_filter ] --START--
INFO: Run Behavior\WriteHtmlCacheBehavior [ RunTime:0.002764s ]
INFO: [ view_filter ] --END-- [ RunTime:0.002875s ]
INFO: [ app_end ] --START--
INFO: Run Behavior\ShowPageTraceBehavior [ RunTime:0.002358s ]
INFO: [ app_end ] --END-- [ RunTime:0.002475s ]

[ 2016-03-16T14:44:25+08:00 ] ::1 /index.php/Home/Users/href=
INFO: [ app_init ] --START--
INFO: Run Behavior\BuildLiteBehavior [ RunTime:0.000030s ]
INFO: [ app_init ] --END-- [ RunTime:0.000593s ]
INFO: [ app_begin ] --START--
INFO: Run Behavior\ReadHtmlCacheBehavior [ RunTime:0.000824s ]
INFO: [ app_begin ] --END-- [ RunTime:0.000950s ]
ERR: 非法操作:href=

[ 2016-03-16T14:44:30+08:00 ] ::1 /index.php/Home/Users/all
INFO: [ app_init ] --START--
INFO: Run Behavior\BuildLiteBehavior [ RunTime:0.000019s ]
INFO: [ app_init ] --END-- [ RunTime:0.000496s ]
INFO: [ app_begin ] --START--
INFO: Run Behavior\ReadHtmlCacheBehavior [ RunTime:0.000632s ]
INFO: [ app_begin ] --END-- [ RunTime:0.000711s ]
ERR: 非法操作:all

[ 2016-03-16T14:45:08+08:00 ] ::1 /index.php/Home/Users/index
INFO: [ app_init ] --START--
INFO: Run Behavior\BuildLiteBehavior [ RunTime:0.000053s ]
INFO: [ app_init ] --END-- [ RunTime:0.004262s ]
INFO: [ app_begin ] --START--
INFO: Run Behavior\ReadHtmlCacheBehavior [ RunTime:0.004118s ]
INFO: [ app_begin ] --END-- [ RunTime:0.004285s ]
SQL: SHOW COLUMNS FROM `tp_users` [ RunTime:0.0130s ]
ERR: 1054:Unknown column 'ctimemoney' in 'order clause'
 [ SQL语句 ] : SELECT * FROM `tp_users` ORDER BY ctimemoney LIMIT 0,15  
ERR: 1054:Unknown column 'ctimemoney' in 'order clause'
 [ SQL语句 ] : SELECT * FROM `tp_users` ORDER BY ctimemoney LIMIT 0,15  

[ 2016-03-16T14:45:16+08:00 ] ::1 /index.php/Home/Users/index
INFO: [ app_init ] --START--
INFO: Run Behavior\BuildLiteBehavior [ RunTime:0.000016s ]
INFO: [ app_init ] --END-- [ RunTime:0.000493s ]
INFO: [ app_begin ] --START--
INFO: Run Behavior\ReadHtmlCacheBehavior [ RunTime:0.000638s ]
INFO: [ app_begin ] --END-- [ RunTime:0.000726s ]
SQL: SHOW COLUMNS FROM `tp_users` [ RunTime:0.0069s ]
ERR: 1064:You have an error in your SQL syntax; check the manual that corresponds to your MySQL server version for the right syntax to use near 'money LIMIT 0,15' at line 1
 [ SQL语句 ] : SELECT * FROM `tp_users` ORDER BY ctime money LIMIT 0,15  
ERR: 1064:You have an error in your SQL syntax; check the manual that corresponds to your MySQL server version for the right syntax to use near 'money LIMIT 0,15' at line 1
 [ SQL语句 ] : SELECT * FROM `tp_users` ORDER BY ctime money LIMIT 0,15  

[ 2016-03-16T14:47:39+08:00 ] ::1 /index.php/Home/Users/index
INFO: [ app_init ] --START--
INFO: Run Behavior\BuildLiteBehavior [ RunTime:0.000016s ]
INFO: [ app_init ] --END-- [ RunTime:0.000372s ]
INFO: [ app_begin ] --START--
INFO: Run Behavior\ReadHtmlCacheBehavior [ RunTime:0.000674s ]
INFO: [ app_begin ] --END-- [ RunTime:0.000767s ]
SQL: SHOW COLUMNS FROM `tp_users` [ RunTime:0.0104s ]
SQL: SELECT * FROM `tp_users` ORDER BY ctime DESC LIMIT 0,15   [ RunTime:0.0018s ]
SQL: SELECT * FROM `tp_users` ORDER BY ctime DESC LIMIT 0,15   [ RunTime:0.0007s ]
INFO: [ view_parse ] --START--
INFO: [ template_filter ] --START--
INFO: Run Behavior\ContentReplaceBehavior [ RunTime:0.000099s ]
INFO: [ template_filter ] --END-- [ RunTime:0.000214s ]
INFO: Run Behavior\ParseTemplateBehavior [ RunTime:0.026250s ]
INFO: [ view_parse ] --END-- [ RunTime:0.026372s ]
INFO: [ view_filter ] --START--
INFO: Run Behavior\WriteHtmlCacheBehavior [ RunTime:0.001712s ]
INFO: [ view_filter ] --END-- [ RunTime:0.001809s ]
NOTIC: [2] Cannot modify header information - headers already sent by (output started at /Applications/MAMP/htdocs/autophp/ThinkPHP/Common/functions.php:850) /Applications/MAMP/htdocs/autophp/ThinkPHP/Library/Think/View.class.php 第 91 行.
NOTIC: [2] Cannot modify header information - headers already sent by (output started at /Applications/MAMP/htdocs/autophp/ThinkPHP/Common/functions.php:850) /Applications/MAMP/htdocs/autophp/ThinkPHP/Library/Think/View.class.php 第 92 行.
NOTIC: [2] Cannot modify header information - headers already sent by (output started at /Applications/MAMP/htdocs/autophp/ThinkPHP/Common/functions.php:850) /Applications/MAMP/htdocs/autophp/ThinkPHP/Library/Think/View.class.php 第 93 行.
INFO: [ app_end ] --START--
INFO: Run Behavior\ShowPageTraceBehavior [ RunTime:0.001061s ]
INFO: [ app_end ] --END-- [ RunTime:0.001160s ]

